This file contains any messages produced by compilers while
running configure, to aid debugging if configure makes a mistake.

It was created by configure, which was
generated by GNU Autoconf 2.69.  Invocation command line was

  $ ./configure 

## --------- ##
## Platform. ##
## --------- ##

hostname = rheaflow-test
uname -m = x86_64
uname -r = 4.4.0-47-generic
uname -s = Linux
uname -v = #68-Ubuntu SMP Wed Oct 26 19:39:52 UTC 2016

/usr/bin/uname -p = unknown
/bin/uname -X     = unknown

/bin/arch              = unknown
/usr/bin/arch -k       = unknown
/usr/convex/getsysinfo = unknown
/usr/bin/hostinfo      = unknown
/bin/machine           = unknown
/usr/bin/oslevel       = unknown
/bin/universe          = unknown

PATH: /usr/local/sbin
PATH: /usr/local/bin
PATH: /usr/sbin
PATH: /usr/bin
PATH: /sbin
PATH: /bin
PATH: /snap/bin


## ----------- ##
## Core tests. ##
## ----------- ##

configure:2479: checking for gcc
configure:2495: found /usr/bin/gcc
configure:2506: result: gcc
configure:2735: checking for C compiler version
configure:2744: gcc --version >&5
gcc (Ubuntu 5.4.0-6ubuntu1~16.04.4) 5.4.0 20160609
Copyright (C) 2015 Free Software Foundation, Inc.
This is free software; see the source for copying conditions.  There is NO
warranty; not even for MERCHANTABILITY or FITNESS FOR A PARTICULAR PURPOSE.

configure:2755: $? = 0
configure:2744: gcc -v >&5
Using built-in specs.
COLLECT_GCC=gcc
COLLECT_LTO_WRAPPER=/usr/lib/gcc/x86_64-linux-gnu/5/lto-wrapper
Target: x86_64-linux-gnu
Configured with: ../src/configure -v --with-pkgversion='Ubuntu 5.4.0-6ubuntu1~16.04.4' --with-bugurl=file:///usr/share/doc/gcc-5/README.Bugs --enable-languages=c,ada,c++,java,go,d,fortran,objc,obj-c++ --prefix=/usr --program-suffix=-5 --enable-shared --enable-linker-build-id --libexecdir=/usr/lib --without-included-gettext --enable-threads=posix --libdir=/usr/lib --enable-nls --with-sysroot=/ --enable-clocale=gnu --enable-libstdcxx-debug --enable-libstdcxx-time=yes --with-default-libstdcxx-abi=new --enable-gnu-unique-object --disable-vtable-verify --enable-libmpx --enable-plugin --with-system-zlib --disable-browser-plugin --enable-java-awt=gtk --enable-gtk-cairo --with-java-home=/usr/lib/jvm/java-1.5.0-gcj-5-amd64/jre --enable-java-home --with-jvm-root-dir=/usr/lib/jvm/java-1.5.0-gcj-5-amd64 --with-jvm-jar-dir=/usr/lib/jvm-exports/java-1.5.0-gcj-5-amd64 --with-arch-directory=amd64 --with-ecj-jar=/usr/share/java/eclipse-ecj.jar --enable-objc-gc --enable-multiarch --disable-werror --with-arch-32=i686 --with-abi=m64 --with-multilib-list=m32,m64,mx32 --enable-multilib --with-tune=generic --enable-checking=release --build=x86_64-linux-gnu --host=x86_64-linux-gnu --target=x86_64-linux-gnu
Thread model: posix
gcc version 5.4.0 20160609 (Ubuntu 5.4.0-6ubuntu1~16.04.4) 
configure:2755: $? = 0
configure:2744: gcc -V >&5
gcc: error: unrecognized command line option '-V'
gcc: fatal error: no input files
compilation terminated.
configure:2755: $? = 1
configure:2744: gcc -qversion >&5
gcc: error: unrecognized command line option '-qversion'
gcc: fatal error: no input files
compilation terminated.
configure:2755: $? = 1
configure:2775: checking whether the C compiler works
configure:2797: gcc    conftest.c  >&5
configure:2801: $? = 0
configure:2849: result: yes
configure:2852: checking for C compiler default output file name
configure:2854: result: a.out
configure:2860: checking for suffix of executables
configure:2867: gcc -o conftest    conftest.c  >&5
configure:2871: $? = 0
configure:2893: result: 
configure:2915: checking whether we are cross compiling
configure:2923: gcc -o conftest    conftest.c  >&5
configure:2927: $? = 0
configure:2934: ./conftest
configure:2938: $? = 0
configure:2953: result: no
configure:2958: checking for suffix of object files
configure:2980: gcc -c   conftest.c >&5
configure:2984: $? = 0
configure:3005: result: o
configure:3009: checking whether we are using the GNU C compiler
configure:3028: gcc -c   conftest.c >&5
configure:3028: $? = 0
configure:3037: result: yes
configure:3046: checking whether gcc accepts -g
configure:3066: gcc -c -g  conftest.c >&5
configure:3066: $? = 0
configure:3107: result: yes
configure:3124: checking for gcc option to accept ISO C89
configure:3187: gcc  -c -g -O2  conftest.c >&5
configure:3187: $? = 0
configure:3200: result: none needed
configure:3221: checking for library containing clock_gettime
configure:3252: gcc -o conftest -g -O2   conftest.c  >&5
configure:3252: $? = 0
configure:3269: result: none required
configure:3284: checking build system type
configure:3298: result: x86_64-unknown-linux-gnu
configure:3318: checking host system type
configure:3331: result: x86_64-unknown-linux-gnu
configure:3405: checking for gcc
configure:3432: result: gcc
configure:3661: checking for C compiler version
configure:3670: gcc --version >&5
gcc (Ubuntu 5.4.0-6ubuntu1~16.04.4) 5.4.0 20160609
Copyright (C) 2015 Free Software Foundation, Inc.
This is free software; see the source for copying conditions.  There is NO
warranty; not even for MERCHANTABILITY or FITNESS FOR A PARTICULAR PURPOSE.

configure:3681: $? = 0
configure:3670: gcc -v >&5
Using built-in specs.
COLLECT_GCC=gcc
COLLECT_LTO_WRAPPER=/usr/lib/gcc/x86_64-linux-gnu/5/lto-wrapper
Target: x86_64-linux-gnu
Configured with: ../src/configure -v --with-pkgversion='Ubuntu 5.4.0-6ubuntu1~16.04.4' --with-bugurl=file:///usr/share/doc/gcc-5/README.Bugs --enable-languages=c,ada,c++,java,go,d,fortran,objc,obj-c++ --prefix=/usr --program-suffix=-5 --enable-shared --enable-linker-build-id --libexecdir=/usr/lib --without-included-gettext --enable-threads=posix --libdir=/usr/lib --enable-nls --with-sysroot=/ --enable-clocale=gnu --enable-libstdcxx-debug --enable-libstdcxx-time=yes --with-default-libstdcxx-abi=new --enable-gnu-unique-object --disable-vtable-verify --enable-libmpx --enable-plugin --with-system-zlib --disable-browser-plugin --enable-java-awt=gtk --enable-gtk-cairo --with-java-home=/usr/lib/jvm/java-1.5.0-gcj-5-amd64/jre --enable-java-home --with-jvm-root-dir=/usr/lib/jvm/java-1.5.0-gcj-5-amd64 --with-jvm-jar-dir=/usr/lib/jvm-exports/java-1.5.0-gcj-5-amd64 --with-arch-directory=amd64 --with-ecj-jar=/usr/share/java/eclipse-ecj.jar --enable-objc-gc --enable-multiarch --disable-werror --with-arch-32=i686 --with-abi=m64 --with-multilib-list=m32,m64,mx32 --enable-multilib --with-tune=generic --enable-checking=release --build=x86_64-linux-gnu --host=x86_64-linux-gnu --target=x86_64-linux-gnu
Thread model: posix
gcc version 5.4.0 20160609 (Ubuntu 5.4.0-6ubuntu1~16.04.4) 
configure:3681: $? = 0
configure:3670: gcc -V >&5
gcc: error: unrecognized command line option '-V'
gcc: fatal error: no input files
compilation terminated.
configure:3681: $? = 1
configure:3670: gcc -qversion >&5
gcc: error: unrecognized command line option '-qversion'
gcc: fatal error: no input files
compilation terminated.
configure:3681: $? = 1
configure:3685: checking whether we are using the GNU C compiler
configure:3713: result: yes
configure:3722: checking whether gcc accepts -g
configure:3783: result: yes
configure:3800: checking for gcc option to accept ISO C89
configure:3876: result: none needed
configure:3913: checking whether POSIX threads are available
configure:3929: gcc -o conftest -g -O2 -pthread   conftest.c  >&5
conftest.c: In function 'main':
conftest.c:13:1: warning: null argument where non-null required (argument 3) [-Wnonnull]
 pthread_t pt; pthread_create(&pt, NULL, NULL, NULL); pthread_spinlock_t lock; pthread_spin_lock(&lock);
 ^
configure:3929: $? = 0
configure:3937: result: yes
configure:3963: checking whether CC supports -Wno-pointer-sign
configure:3979: gcc -c -Wall -Wno-pointer-sign  conftest.c >&5
configure:3979: $? = 0
configure:3986: result: yes
configure:3995: checking whether CC supports -fno-strict-aliasing
configure:4011: gcc -c  -fno-strict-aliasing  conftest.c >&5
configure:4011: $? = 0
configure:4018: result: yes
configure:4027: checking whether CC supports -fno-strict-overflow
configure:4043: gcc -c  -fno-strict-overflow  conftest.c >&5
configure:4043: $? = 0
configure:4050: result: yes
configure:4073: checking CFLAGS
configure:4075: result: -g -O2 -pthread -Wall -Wstrict-prototypes -Wno-parentheses -Wno-pointer-sign -fno-strict-aliasing -fno-strict-overflow
configure:4084: checking how to run the C preprocessor
configure:4115: gcc -E  conftest.c
configure:4115: $? = 0
configure:4129: gcc -E  conftest.c
conftest.c:10:28: fatal error: ac_nonexistent.h: No such file or directory
compilation terminated.
configure:4129: $? = 1
configure: failed program was:
| /* confdefs.h */
| #define PACKAGE_NAME ""
| #define PACKAGE_TARNAME ""
| #define PACKAGE_VERSION ""
| #define PACKAGE_STRING ""
| #define PACKAGE_BUGREPORT ""
| #define PACKAGE_URL ""
| #define USE_PTHREADS 1
| /* end confdefs.h.  */
| #include <ac_nonexistent.h>
configure:4154: result: gcc -E
configure:4174: gcc -E  conftest.c
configure:4174: $? = 0
configure:4188: gcc -E  conftest.c
conftest.c:10:28: fatal error: ac_nonexistent.h: No such file or directory
compilation terminated.
configure:4188: $? = 1
configure: failed program was:
| /* confdefs.h */
| #define PACKAGE_NAME ""
| #define PACKAGE_TARNAME ""
| #define PACKAGE_VERSION ""
| #define PACKAGE_STRING ""
| #define PACKAGE_BUGREPORT ""
| #define PACKAGE_URL ""
| #define USE_PTHREADS 1
| /* end confdefs.h.  */
| #include <ac_nonexistent.h>
configure:4230: checking for a BSD-compatible install
configure:4298: result: /usr/bin/install -c
configure:4352: checking for ranlib
configure:4368: found /usr/bin/ranlib
configure:4379: result: ranlib
configure:4403: checking for flex
configure:4419: found /usr/bin/flex
configure:4430: result: flex
configure:4440: checking for bison
configure:4456: found /usr/bin/bison
configure:4467: result: bison
configure:4479: checking for gm4
configure:4509: result: no
configure:4479: checking for m4
configure:4495: found /usr/bin/m4
configure:4506: result: m4
configure:4578: checking which OS configuration should we use
configure:4580: result: ./sysdep/cf/linux.h
configure:4591: checking system-dependent directories
configure:4594: result: sysdep/linux sysdep/unix  lib
configure:4614: checking protocols
configure:4629: result: ok
configure:4635: checking for linux/rtnetlink.h
configure:4635: gcc -c -g -O2 -pthread -Wall -Wstrict-prototypes -Wno-parentheses -Wno-pointer-sign -fno-strict-aliasing -fno-strict-overflow  conftest.c >&5
configure:4635: $? = 0
configure:4635: result: yes
configure:4651: checking for grep that handles long lines and -e
configure:4709: result: /bin/grep
configure:4714: checking for egrep
configure:4776: result: /bin/grep -E
configure:4781: checking for ANSI C header files
configure:4801: gcc -c -g -O2 -pthread -Wall -Wstrict-prototypes -Wno-parentheses -Wno-pointer-sign -fno-strict-aliasing -fno-strict-overflow  conftest.c >&5
conftest.c:24:1: warning: function declaration isn't a prototype [-Wstrict-prototypes]
 main ()
 ^
configure:4801: $? = 0
configure:4874: gcc -o conftest -g -O2 -pthread -Wall -Wstrict-prototypes -Wno-parentheses -Wno-pointer-sign -fno-strict-aliasing -fno-strict-overflow   -pthread conftest.c  >&5
conftest.c:30:1: warning: function declaration isn't a prototype [-Wstrict-prototypes]
 main ()
 ^
configure:4874: $? = 0
configure:4874: ./conftest
configure:4874: $? = 0
configure:4885: result: yes
configure:4898: checking for sys/types.h
configure:4898: gcc -c -g -O2 -pthread -Wall -Wstrict-prototypes -Wno-parentheses -Wno-pointer-sign -fno-strict-aliasing -fno-strict-overflow  conftest.c >&5
configure:4898: $? = 0
configure:4898: result: yes
configure:4898: checking for sys/stat.h
configure:4898: gcc -c -g -O2 -pthread -Wall -Wstrict-prototypes -Wno-parentheses -Wno-pointer-sign -fno-strict-aliasing -fno-strict-overflow  conftest.c >&5
configure:4898: $? = 0
configure:4898: result: yes
configure:4898: checking for stdlib.h
configure:4898: gcc -c -g -O2 -pthread -Wall -Wstrict-prototypes -Wno-parentheses -Wno-pointer-sign -fno-strict-aliasing -fno-strict-overflow  conftest.c >&5
configure:4898: $? = 0
configure:4898: result: yes
configure:4898: checking for string.h
configure:4898: gcc -c -g -O2 -pthread -Wall -Wstrict-prototypes -Wno-parentheses -Wno-pointer-sign -fno-strict-aliasing -fno-strict-overflow  conftest.c >&5
configure:4898: $? = 0
configure:4898: result: yes
configure:4898: checking for memory.h
configure:4898: gcc -c -g -O2 -pthread -Wall -Wstrict-prototypes -Wno-parentheses -Wno-pointer-sign -fno-strict-aliasing -fno-strict-overflow  conftest.c >&5
configure:4898: $? = 0
configure:4898: result: yes
configure:4898: checking for strings.h
configure:4898: gcc -c -g -O2 -pthread -Wall -Wstrict-prototypes -Wno-parentheses -Wno-pointer-sign -fno-strict-aliasing -fno-strict-overflow  conftest.c >&5
configure:4898: $? = 0
configure:4898: result: yes
configure:4898: checking for inttypes.h
configure:4898: gcc -c -g -O2 -pthread -Wall -Wstrict-prototypes -Wno-parentheses -Wno-pointer-sign -fno-strict-aliasing -fno-strict-overflow  conftest.c >&5
configure:4898: $? = 0
configure:4898: result: yes
configure:4898: checking for stdint.h
configure:4898: gcc -c -g -O2 -pthread -Wall -Wstrict-prototypes -Wno-parentheses -Wno-pointer-sign -fno-strict-aliasing -fno-strict-overflow  conftest.c >&5
configure:4898: $? = 0
configure:4898: result: yes
configure:4898: checking for unistd.h
configure:4898: gcc -c -g -O2 -pthread -Wall -Wstrict-prototypes -Wno-parentheses -Wno-pointer-sign -fno-strict-aliasing -fno-strict-overflow  conftest.c >&5
configure:4898: $? = 0
configure:4898: result: yes
configure:4910: checking syslog.h usability
configure:4910: gcc -c -g -O2 -pthread -Wall -Wstrict-prototypes -Wno-parentheses -Wno-pointer-sign -fno-strict-aliasing -fno-strict-overflow  conftest.c >&5
configure:4910: $? = 0
configure:4910: result: yes
configure:4910: checking syslog.h presence
configure:4910: gcc -E  conftest.c
configure:4910: $? = 0
configure:4910: result: yes
configure:4910: checking for syslog.h
configure:4910: result: yes
configure:4917: checking alloca.h usability
configure:4917: gcc -c -g -O2 -pthread -Wall -Wstrict-prototypes -Wno-parentheses -Wno-pointer-sign -fno-strict-aliasing -fno-strict-overflow  conftest.c >&5
configure:4917: $? = 0
configure:4917: result: yes
configure:4917: checking alloca.h presence
configure:4917: gcc -E  conftest.c
configure:4917: $? = 0
configure:4917: result: yes
configure:4917: checking for alloca.h
configure:4917: result: yes
configure:4924: checking whether 'struct sockaddr' has sa_len
configure:4939: gcc -c -g -O2 -pthread -Wall -Wstrict-prototypes -Wno-parentheses -Wno-pointer-sign -fno-strict-aliasing -fno-strict-overflow  conftest.c >&5
conftest.c:34:1: warning: function declaration isn't a prototype [-Wstrict-prototypes]
 main ()
 ^
conftest.c: In function 'main':
conftest.c:36:45: error: 'struct sockaddr' has no member named 'sa_len'
 static struct sockaddr sa; int i = sizeof(sa.sa_len);
                                             ^
conftest.c:36:32: warning: unused variable 'i' [-Wunused-variable]
 static struct sockaddr sa; int i = sizeof(sa.sa_len);
                                ^
conftest.c:36:24: warning: variable 'sa' set but not used [-Wunused-but-set-variable]
 static struct sockaddr sa; int i = sizeof(sa.sa_len);
                        ^
configure:4939: $? = 1
configure: failed program was:
| /* confdefs.h */
| #define PACKAGE_NAME ""
| #define PACKAGE_TARNAME ""
| #define PACKAGE_VERSION ""
| #define PACKAGE_STRING ""
| #define PACKAGE_BUGREPORT ""
| #define PACKAGE_URL ""
| #define USE_PTHREADS 1
| #define SYSCONF_INCLUDE "./sysdep/cf/linux.h"
| #define CONFIG_BFD 1
| #define CONFIG_BGP 1
| #define CONFIG_OSPF 1
| #define CONFIG_PIPE 1
| #define CONFIG_RIP 1
| #define CONFIG_STATIC 1
| #define CONFIG_SDN 1
| #define STDC_HEADERS 1
| #define HAVE_SYS_TYPES_H 1
| #define HAVE_SYS_STAT_H 1
| #define HAVE_STDLIB_H 1
| #define HAVE_STRING_H 1
| #define HAVE_MEMORY_H 1
| #define HAVE_STRINGS_H 1
| #define HAVE_INTTYPES_H 1
| #define HAVE_STDINT_H 1
| #define HAVE_UNISTD_H 1
| #define HAVE_SYSLOG 1
| #define HAVE_ALLOCA_H 1
| /* end confdefs.h.  */
| #include <sys/types.h>
|   #include <sys/socket.h>
| 
| int
| main ()
| {
| static struct sockaddr sa; int i = sizeof(sa.sa_len);
|   ;
|   return 0;
| }
configure:4946: result: no
configure:4951: checking whether byte ordering is bigendian
configure:4966: gcc -c -g -O2 -pthread -Wall -Wstrict-prototypes -Wno-parentheses -Wno-pointer-sign -fno-strict-aliasing -fno-strict-overflow  conftest.c >&5
conftest.c:31:9: error: unknown type name 'not'
         not a universal capable compiler
         ^
conftest.c:31:15: error: expected '=', ',', ';', 'asm' or '__attribute__' before 'universal'
         not a universal capable compiler
               ^
conftest.c:31:15: error: unknown type name 'universal'
configure:4966: $? = 1
configure: failed program was:
| /* confdefs.h */
| #define PACKAGE_NAME ""
| #define PACKAGE_TARNAME ""
| #define PACKAGE_VERSION ""
| #define PACKAGE_STRING ""
| #define PACKAGE_BUGREPORT ""
| #define PACKAGE_URL ""
| #define USE_PTHREADS 1
| #define SYSCONF_INCLUDE "./sysdep/cf/linux.h"
| #define CONFIG_BFD 1
| #define CONFIG_BGP 1
| #define CONFIG_OSPF 1
| #define CONFIG_PIPE 1
| #define CONFIG_RIP 1
| #define CONFIG_STATIC 1
| #define CONFIG_SDN 1
| #define STDC_HEADERS 1
| #define HAVE_SYS_TYPES_H 1
| #define HAVE_SYS_STAT_H 1
| #define HAVE_STDLIB_H 1
| #define HAVE_STRING_H 1
| #define HAVE_MEMORY_H 1
| #define HAVE_STRINGS_H 1
| #define HAVE_INTTYPES_H 1
| #define HAVE_STDINT_H 1
| #define HAVE_UNISTD_H 1
| #define HAVE_SYSLOG 1
| #define HAVE_ALLOCA_H 1
| /* end confdefs.h.  */
| #ifndef __APPLE_CC__
| 	       not a universal capable compiler
| 	     #endif
| 	     typedef int dummy;
| 
configure:5011: gcc -c -g -O2 -pthread -Wall -Wstrict-prototypes -Wno-parentheses -Wno-pointer-sign -fno-strict-aliasing -fno-strict-overflow  conftest.c >&5
conftest.c:34:1: warning: function declaration isn't a prototype [-Wstrict-prototypes]
 main ()
 ^
configure:5011: $? = 0
configure:5029: gcc -c -g -O2 -pthread -Wall -Wstrict-prototypes -Wno-parentheses -Wno-pointer-sign -fno-strict-aliasing -fno-strict-overflow  conftest.c >&5
conftest.c:34:1: warning: function declaration isn't a prototype [-Wstrict-prototypes]
 main ()
 ^
conftest.c: In function 'main':
conftest.c:37:4: error: unknown type name 'not'
    not big endian
    ^
conftest.c:37:12: error: expected '=', ',', ';', 'asm' or '__attribute__' before 'endian'
    not big endian
            ^
configure:5029: $? = 1
configure: failed program was:
| /* confdefs.h */
| #define PACKAGE_NAME ""
| #define PACKAGE_TARNAME ""
| #define PACKAGE_VERSION ""
| #define PACKAGE_STRING ""
| #define PACKAGE_BUGREPORT ""
| #define PACKAGE_URL ""
| #define USE_PTHREADS 1
| #define SYSCONF_INCLUDE "./sysdep/cf/linux.h"
| #define CONFIG_BFD 1
| #define CONFIG_BGP 1
| #define CONFIG_OSPF 1
| #define CONFIG_PIPE 1
| #define CONFIG_RIP 1
| #define CONFIG_STATIC 1
| #define CONFIG_SDN 1
| #define STDC_HEADERS 1
| #define HAVE_SYS_TYPES_H 1
| #define HAVE_SYS_STAT_H 1
| #define HAVE_STDLIB_H 1
| #define HAVE_STRING_H 1
| #define HAVE_MEMORY_H 1
| #define HAVE_STRINGS_H 1
| #define HAVE_INTTYPES_H 1
| #define HAVE_STDINT_H 1
| #define HAVE_UNISTD_H 1
| #define HAVE_SYSLOG 1
| #define HAVE_ALLOCA_H 1
| /* end confdefs.h.  */
| #include <sys/types.h>
| 		#include <sys/param.h>
| 
| int
| main ()
| {
| #if BYTE_ORDER != BIG_ENDIAN
| 		 not big endian
| 		#endif
| 
|   ;
|   return 0;
| }
configure:5157: result: no
configure:5180: checking size of char
configure:5185: gcc -o conftest -g -O2 -pthread -Wall -Wstrict-prototypes -Wno-parentheses -Wno-pointer-sign -fno-strict-aliasing -fno-strict-overflow   -pthread conftest.c  >&5
conftest.c:64:17: warning: function declaration isn't a prototype [-Wstrict-prototypes]
 static long int longval () { return (long int) (sizeof (char)); }
                 ^
conftest.c:65:26: warning: function declaration isn't a prototype [-Wstrict-prototypes]
 static unsigned long int ulongval () { return (long int) (sizeof (char)); }
                          ^
conftest.c:69:1: warning: function declaration isn't a prototype [-Wstrict-prototypes]
 main ()
 ^
configure:5185: $? = 0
configure:5185: ./conftest
configure:5185: $? = 0
configure:5199: result: 1
configure:5213: checking size of short int
configure:5218: gcc -o conftest -g -O2 -pthread -Wall -Wstrict-prototypes -Wno-parentheses -Wno-pointer-sign -fno-strict-aliasing -fno-strict-overflow   -pthread conftest.c  >&5
conftest.c:65:17: warning: function declaration isn't a prototype [-Wstrict-prototypes]
 static long int longval () { return (long int) (sizeof (short int)); }
                 ^
conftest.c:66:26: warning: function declaration isn't a prototype [-Wstrict-prototypes]
 static unsigned long int ulongval () { return (long int) (sizeof (short int)); }
                          ^
conftest.c:70:1: warning: function declaration isn't a prototype [-Wstrict-prototypes]
 main ()
 ^
configure:5218: $? = 0
configure:5218: ./conftest
configure:5218: $? = 0
configure:5232: result: 2
configure:5246: checking size of int
configure:5251: gcc -o conftest -g -O2 -pthread -Wall -Wstrict-prototypes -Wno-parentheses -Wno-pointer-sign -fno-strict-aliasing -fno-strict-overflow   -pthread conftest.c  >&5
conftest.c:66:17: warning: function declaration isn't a prototype [-Wstrict-prototypes]
 static long int longval () { return (long int) (sizeof (int)); }
                 ^
conftest.c:67:26: warning: function declaration isn't a prototype [-Wstrict-prototypes]
 static unsigned long int ulongval () { return (long int) (sizeof (int)); }
                          ^
conftest.c:71:1: warning: function declaration isn't a prototype [-Wstrict-prototypes]
 main ()
 ^
configure:5251: $? = 0
configure:5251: ./conftest
configure:5251: $? = 0
configure:5265: result: 4
configure:5279: checking size of long int
configure:5284: gcc -o conftest -g -O2 -pthread -Wall -Wstrict-prototypes -Wno-parentheses -Wno-pointer-sign -fno-strict-aliasing -fno-strict-overflow   -pthread conftest.c  >&5
conftest.c:67:17: warning: function declaration isn't a prototype [-Wstrict-prototypes]
 static long int longval () { return (long int) (sizeof (long int)); }
                 ^
conftest.c:68:26: warning: function declaration isn't a prototype [-Wstrict-prototypes]
 static unsigned long int ulongval () { return (long int) (sizeof (long int)); }
                          ^
conftest.c:72:1: warning: function declaration isn't a prototype [-Wstrict-prototypes]
 main ()
 ^
configure:5284: $? = 0
configure:5284: ./conftest
configure:5284: $? = 0
configure:5298: result: 8
configure:5312: checking size of long long int
configure:5317: gcc -o conftest -g -O2 -pthread -Wall -Wstrict-prototypes -Wno-parentheses -Wno-pointer-sign -fno-strict-aliasing -fno-strict-overflow   -pthread conftest.c  >&5
conftest.c:68:17: warning: function declaration isn't a prototype [-Wstrict-prototypes]
 static long int longval () { return (long int) (sizeof (long long int)); }
                 ^
conftest.c:69:26: warning: function declaration isn't a prototype [-Wstrict-prototypes]
 static unsigned long int ulongval () { return (long int) (sizeof (long long int)); }
                          ^
conftest.c:73:1: warning: function declaration isn't a prototype [-Wstrict-prototypes]
 main ()
 ^
configure:5317: $? = 0
configure:5317: ./conftest
configure:5317: $? = 0
configure:5331: result: 8
configure:5343: checking for 8-bit type
configure:5360: result: char
configure:5343: checking for 16-bit type
configure:5360: result: short int
configure:5343: checking for 32-bit type
configure:5360: result: int
configure:5343: checking for 64-bit type
configure:5360: result: long int
configure:5368: checking usual alignment of structures
configure:5394: gcc -o conftest -g -O2 -pthread -Wall -Wstrict-prototypes -Wno-parentheses -Wno-pointer-sign -fno-strict-aliasing -fno-strict-overflow   -pthread conftest.c  >&5
conftest.c: In function 'main':
conftest.c:49:14: warning: format '%d' expects argument of type 'int', but argument 3 has type 'long unsigned int' [-Wformat=]
   fprintf(f, "%d", sizeof(ary)/2);
              ^
conftest.c:51:3: warning: implicit declaration of function 'exit' [-Wimplicit-function-declaration]
   exit(0);
   ^
conftest.c:51:3: warning: incompatible implicit declaration of built-in function 'exit'
conftest.c:51:3: note: include '<stdlib.h>' or provide a declaration of 'exit'
configure:5394: $? = 0
configure:5394: ./conftest
configure:5394: $? = 0
configure:5411: result: 16
configure:5418: checking characteristics of time_t
configure:5446: gcc -o conftest -g -O2 -pthread -Wall -Wstrict-prototypes -Wno-parentheses -Wno-pointer-sign -fno-strict-aliasing -fno-strict-overflow   -pthread conftest.c  >&5
conftest.c: In function 'main':
conftest.c:50:14: warning: format '%d' expects argument of type 'int', but argument 3 has type 'long unsigned int' [-Wformat=]
   fprintf(f, "%d-bit ", sizeof(time_t)*CHAR_BIT);
              ^
conftest.c:54:3: warning: implicit declaration of function 'exit' [-Wimplicit-function-declaration]
   exit(0);
   ^
conftest.c:54:3: warning: incompatible implicit declaration of built-in function 'exit'
conftest.c:54:3: note: include '<stdlib.h>' or provide a declaration of 'exit'
configure:5446: $? = 0
configure:5446: ./conftest
configure:5446: $? = 0
configure:5461: result: 64-bit signed
configure:5473: checking for struct ip_mreqn
configure:5492: gcc -c -g -O2 -pthread -Wall -Wstrict-prototypes -Wno-parentheses -Wno-pointer-sign -fno-strict-aliasing -fno-strict-overflow  conftest.c >&5
conftest.c:46:1: warning: function declaration isn't a prototype [-Wstrict-prototypes]
 main ()
 ^
conftest.c: In function 'main':
conftest.c:48:17: warning: unused variable 'x' [-Wunused-variable]
 struct ip_mreqn x;
                 ^
configure:5492: $? = 0
configure:5501: result: yes
configure:5612: checking for add_history in -lhistory
configure:5637: gcc -o conftest -g -O2 -pthread -Wall -Wstrict-prototypes -Wno-parentheses -Wno-pointer-sign -fno-strict-aliasing -fno-strict-overflow   -pthread conftest.c -lhistory   >&5
conftest.c:51:1: warning: function declaration isn't a prototype [-Wstrict-prototypes]
 char add_history ();
 ^
conftest.c:53:1: warning: function declaration isn't a prototype [-Wstrict-prototypes]
 main ()
 ^
configure:5637: $? = 0
configure:5646: result: yes
configure:5652: checking for tgetent in -lncurses
configure:5677: gcc -o conftest -g -O2 -pthread -Wall -Wstrict-prototypes -Wno-parentheses -Wno-pointer-sign -fno-strict-aliasing -fno-strict-overflow   -pthread conftest.c -lncurses   >&5
conftest.c:51:1: warning: function declaration isn't a prototype [-Wstrict-prototypes]
 char tgetent ();
 ^
conftest.c:53:1: warning: function declaration isn't a prototype [-Wstrict-prototypes]
 main ()
 ^
configure:5677: $? = 0
configure:5686: result: yes
configure:5858: checking for rl_callback_read_char in -lreadline
configure:5883: gcc -o conftest -g -O2 -pthread -Wall -Wstrict-prototypes -Wno-parentheses -Wno-pointer-sign -fno-strict-aliasing -fno-strict-overflow   -pthread conftest.c -lreadline -lncurses  >&5
conftest.c:51:1: warning: function declaration isn't a prototype [-Wstrict-prototypes]
 char rl_callback_read_char ();
 ^
conftest.c:53:1: warning: function declaration isn't a prototype [-Wstrict-prototypes]
 main ()
 ^
configure:5883: $? = 0
configure:5892: result: yes
configure:5900: checking for rl_crlf in -lreadline
configure:5925: gcc -o conftest -g -O2 -pthread -Wall -Wstrict-prototypes -Wno-parentheses -Wno-pointer-sign -fno-strict-aliasing -fno-strict-overflow   -pthread conftest.c -lreadline -lncurses  >&5
conftest.c:51:1: warning: function declaration isn't a prototype [-Wstrict-prototypes]
 char rl_crlf ();
 ^
conftest.c:53:1: warning: function declaration isn't a prototype [-Wstrict-prototypes]
 main ()
 ^
configure:5925: $? = 0
configure:5934: result: yes
configure:5941: checking for rl_ding in -lreadline
configure:5966: gcc -o conftest -g -O2 -pthread -Wall -Wstrict-prototypes -Wno-parentheses -Wno-pointer-sign -fno-strict-aliasing -fno-strict-overflow   -pthread conftest.c -lreadline -lncurses  >&5
conftest.c:52:1: warning: function declaration isn't a prototype [-Wstrict-prototypes]
 char rl_ding ();
 ^
conftest.c:54:1: warning: function declaration isn't a prototype [-Wstrict-prototypes]
 main ()
 ^
configure:5966: $? = 0
configure:5975: result: yes
configure:5982: checking for zmq_init in -lzmq
configure:6007: gcc -o conftest -g -O2 -pthread -Wall -Wstrict-prototypes -Wno-parentheses -Wno-pointer-sign -fno-strict-aliasing -fno-strict-overflow   -pthread conftest.c -lzmq   >&5
conftest.c:53:1: warning: function declaration isn't a prototype [-Wstrict-prototypes]
 char zmq_init ();
 ^
conftest.c:55:1: warning: function declaration isn't a prototype [-Wstrict-prototypes]
 main ()
 ^
configure:6007: $? = 0
configure:6016: result: yes
configure:6155: creating ./config.status

## ---------------------- ##
## Running config.status. ##
## ---------------------- ##

This file was extended by config.status, which was
generated by GNU Autoconf 2.69.  Invocation command line was

  CONFIG_FILES    = 
  CONFIG_HEADERS  = 
  CONFIG_LINKS    = 
  CONFIG_COMMANDS = 
  $ ./config.status 

on rheaflow-test

config.status:868: creating Makefile
config.status:868: creating obj/Makefile
config.status:868: creating obj/Rules
config.status:868: creating obj/sysdep/autoconf.h
config.status:1043: obj/sysdep/autoconf.h is unchanged
config.status:1057: executing merge commands

## ---------------- ##
## Cache variables. ##
## ---------------- ##

ac_cv_build=x86_64-unknown-linux-gnu
ac_cv_c_bigendian=no
ac_cv_c_compiler_gnu=yes
ac_cv_env_BISON_set=
ac_cv_env_BISON_value=
ac_cv_env_CC_set=
ac_cv_env_CC_value=
ac_cv_env_CFLAGS_set=
ac_cv_env_CFLAGS_value=
ac_cv_env_CPPFLAGS_set=
ac_cv_env_CPPFLAGS_value=
ac_cv_env_CPP_set=
ac_cv_env_CPP_value=
ac_cv_env_FLEX_set=
ac_cv_env_FLEX_value=
ac_cv_env_LDFLAGS_set=
ac_cv_env_LDFLAGS_value=
ac_cv_env_LIBS_set=
ac_cv_env_LIBS_value=
ac_cv_env_M4_set=
ac_cv_env_M4_value=
ac_cv_env_build_alias_set=
ac_cv_env_build_alias_value=
ac_cv_env_host_alias_set=
ac_cv_env_host_alias_value=
ac_cv_env_target_alias_set=
ac_cv_env_target_alias_value=
ac_cv_header_alloca_h=yes
ac_cv_header_inttypes_h=yes
ac_cv_header_linux_rtnetlink_h=yes
ac_cv_header_memory_h=yes
ac_cv_header_stdc=yes
ac_cv_header_stdint_h=yes
ac_cv_header_stdlib_h=yes
ac_cv_header_string_h=yes
ac_cv_header_strings_h=yes
ac_cv_header_sys_stat_h=yes
ac_cv_header_sys_types_h=yes
ac_cv_header_syslog_h=yes
ac_cv_header_unistd_h=yes
ac_cv_host=x86_64-unknown-linux-gnu
ac_cv_lib_history_add_history=yes
ac_cv_lib_ncurses_tgetent=yes
ac_cv_lib_readline_rl_callback_read_char=yes
ac_cv_lib_readline_rl_crlf=yes
ac_cv_lib_readline_rl_ding=yes
ac_cv_lib_zmq_zmq_init=yes
ac_cv_objext=o
ac_cv_path_EGREP='/bin/grep -E'
ac_cv_path_GREP=/bin/grep
ac_cv_path_install='/usr/bin/install -c'
ac_cv_prog_BISON=bison
ac_cv_prog_CPP='gcc -E'
ac_cv_prog_FLEX=flex
ac_cv_prog_M4=m4
ac_cv_prog_ac_ct_CC=gcc
ac_cv_prog_ac_ct_RANLIB=ranlib
ac_cv_prog_cc_c89=
ac_cv_prog_cc_g=yes
ac_cv_search_clock_gettime='none required'
ac_cv_sizeof_char=1
ac_cv_sizeof_int=4
ac_cv_sizeof_long_int=8
ac_cv_sizeof_long_long_int=8
ac_cv_sizeof_short_int=2
bird_cv_c_option_fno_strict_aliasing=yes
bird_cv_c_option_fno_strict_overflow=yes
bird_cv_c_option_wno_pointer_sign=yes
bird_cv_c_struct_align=16
bird_cv_lib_pthreads=yes
bird_cv_struct_ip_mreqn=yes
bird_cv_type_time_t='64-bit signed'

## ----------------- ##
## Output variables. ##
## ----------------- ##

BISON='bison'
CC='gcc'
CFLAGS='-g -O2 -pthread -Wall -Wstrict-prototypes -Wno-parentheses -Wno-pointer-sign -fno-strict-aliasing -fno-strict-overflow'
CLIENT='birdc'
CLIENT_LIBS='-lreadline -lhistory -lncurses'
CONFIG_FILE='$(sysconfdir)/bird.conf'
CONTROL_SOCKET='$(localstatedir)/run/bird.ctl'
CPP='gcc -E'
CPPFLAGS=''
DEFS='-DHAVE_CONFIG_H'
ECHO_C=''
ECHO_N='-n'
ECHO_T=''
EGREP='/bin/grep -E'
EXEEXT=''
FLEX='flex'
GREP='/bin/grep'
INSTALL_DATA='${INSTALL} -m 644'
INSTALL_PROGRAM='${INSTALL}'
INSTALL_SCRIPT='${INSTALL}'
LDFLAGS=' -pthread'
LIBOBJS=''
LIBS='-lzmq '
LTLIBOBJS=''
M4='m4'
OBJEXT='o'
PACKAGE_BUGREPORT=''
PACKAGE_NAME=''
PACKAGE_STRING=''
PACKAGE_TARNAME=''
PACKAGE_URL=''
PACKAGE_VERSION=''
PATH_SEPARATOR=':'
RANLIB='ranlib'
SHELL='/bin/bash'
SUFFIX=''
ac_ct_CC='gcc'
bindir='${exec_prefix}/bin'
build='x86_64-unknown-linux-gnu'
build_alias=''
build_cpu='x86_64'
build_os='linux-gnu'
build_vendor='unknown'
datadir='${datarootdir}'
datarootdir='${prefix}/share'
docdir='${datarootdir}/doc/${PACKAGE}'
dvidir='${docdir}'
exec_prefix='${prefix}'
exedir='..'
host='x86_64-unknown-linux-gnu'
host_alias=''
host_cpu='x86_64'
host_os='linux-gnu'
host_vendor='unknown'
htmldir='${docdir}'
includedir='${prefix}/include'
infodir='${datarootdir}/info'
iproutedir='/etc/iproute2'
libdir='${exec_prefix}/lib'
libexecdir='${exec_prefix}/libexec'
localedir='${datarootdir}/locale'
localstatedir='${prefix}/var'
mandir='${datarootdir}/man'
objdir='obj'
oldincludedir='/usr/include'
pdfdir='${docdir}'
prefix='/usr/local'
program_transform_name='s,x,x,'
protocols='bfd bgp ospf pipe rip static sdn'
psdir='${docdir}'
runstatedir='${localstatedir}/run'
runtimedir='$(localstatedir)/run'
sbindir='${exec_prefix}/sbin'
sharedstatedir='${prefix}/com'
srcdir_rel_mf='$(root-rel)..'
sysconfdir='${prefix}/etc'
sysdep_dirs='sysdep/linux sysdep/unix  lib'
target_alias=''

## ----------- ##
## confdefs.h. ##
## ----------- ##

/* confdefs.h */
#define PACKAGE_NAME ""
#define PACKAGE_TARNAME ""
#define PACKAGE_VERSION ""
#define PACKAGE_STRING ""
#define PACKAGE_BUGREPORT ""
#define PACKAGE_URL ""
#define USE_PTHREADS 1
#define SYSCONF_INCLUDE "./sysdep/cf/linux.h"
#define CONFIG_BFD 1
#define CONFIG_BGP 1
#define CONFIG_OSPF 1
#define CONFIG_PIPE 1
#define CONFIG_RIP 1
#define CONFIG_STATIC 1
#define CONFIG_SDN 1
#define STDC_HEADERS 1
#define HAVE_SYS_TYPES_H 1
#define HAVE_SYS_STAT_H 1
#define HAVE_STDLIB_H 1
#define HAVE_STRING_H 1
#define HAVE_MEMORY_H 1
#define HAVE_STRINGS_H 1
#define HAVE_INTTYPES_H 1
#define HAVE_STDINT_H 1
#define HAVE_UNISTD_H 1
#define HAVE_SYSLOG 1
#define HAVE_ALLOCA_H 1
#define CPU_LITTLE_ENDIAN 1
#define SIZEOF_CHAR 1
#define SIZEOF_SHORT_INT 2
#define SIZEOF_INT 4
#define SIZEOF_LONG_INT 8
#define SIZEOF_LONG_LONG_INT 8
#define INTEGER_8 char
#define INTEGER_16 short int
#define INTEGER_32 int
#define INTEGER_64 long int
#define CPU_STRUCT_ALIGN 16
#define TIME_T_IS_64BIT 1
#define TIME_T_IS_SIGNED 1
#define HAVE_STRUCT_IP_MREQN 1
#define HAVE_RL_CRLF 1
#define HAVE_RL_DING 1
#define HAVE_LIBZMQ 1

configure: exit 0
